2019-03-17 15:05:44.516  INFO 7000 --- [main] com.act.website.TestCase                 : Starting TestCase on DESKTOP-N2BRJI6 with PID 7000 (started by 76739 in F:\Projects\website\website)
2019-03-17 15:05:44.523 DEBUG 7000 --- [main] com.act.website.TestCase                 : Running with Spring Boot v2.1.3.RELEASE, Spring v5.1.5.RELEASE
2019-03-17 15:05:44.524  INFO 7000 --- [main] com.act.website.TestCase                 : The following profiles are active: dev
2019-03-17 15:05:45.511  INFO 7000 --- [main] c.a.d.s.b.a.DruidDataSourceAutoConfigure : Init DruidDataSource
2019-03-17 15:05:45.686  INFO 7000 --- [main] com.alibaba.druid.pool.DruidDataSource   : {dataSource-1} inited
2019-03-17 15:05:46.606  WARN 7000 --- [main] org.thymeleaf.templatemode.TemplateMode  : [THYMELEAF][main] Template Mode 'LEGACYHTML5' is deprecated. Using Template Mode 'HTML' instead.
2019-03-17 15:05:46.912  INFO 7000 --- [main] com.act.website.TestCase                 : Started TestCase in 2.776 seconds (JVM running for 4.05)
2019-03-17 15:05:47.158  INFO 7000 --- [Thread-2] com.alibaba.druid.pool.DruidDataSource   : {dataSource-1} closed
2019-03-17 15:05:59.959  INFO 6168 --- [main] com.act.website.TestCase                 : Starting TestCase on DESKTOP-N2BRJI6 with PID 6168 (started by 76739 in F:\Projects\website\website)
2019-03-17 15:05:59.960 DEBUG 6168 --- [main] com.act.website.TestCase                 : Running with Spring Boot v2.1.3.RELEASE, Spring v5.1.5.RELEASE
2019-03-17 15:05:59.960  INFO 6168 --- [main] com.act.website.TestCase                 : The following profiles are active: dev
2019-03-17 15:06:01.176  INFO 6168 --- [main] c.a.d.s.b.a.DruidDataSourceAutoConfigure : Init DruidDataSource
2019-03-17 15:06:01.388  INFO 6168 --- [main] com.alibaba.druid.pool.DruidDataSource   : {dataSource-1} inited
2019-03-17 15:06:02.603  WARN 6168 --- [main] org.thymeleaf.templatemode.TemplateMode  : [THYMELEAF][main] Template Mode 'LEGACYHTML5' is deprecated. Using Template Mode 'HTML' instead.
2019-03-17 15:06:03.086  INFO 6168 --- [main] com.act.website.TestCase                 : Started TestCase in 3.405 seconds (JVM running for 4.836)
2019-03-17 15:06:08.516  INFO 6168 --- [Thread-2] com.alibaba.druid.pool.DruidDataSource   : {dataSource-1} closed
2019-03-17 15:09:10.950  INFO 1608 --- [main] com.act.website.WebsiteApplication       : Starting WebsiteApplication on DESKTOP-N2BRJI6 with PID 1608 (F:\Projects\website\website\target\classes started by 76739 in F:\Projects\website\website)
2019-03-17 15:09:10.953 DEBUG 1608 --- [main] com.act.website.WebsiteApplication       : Running with Spring Boot v2.1.3.RELEASE, Spring v5.1.5.RELEASE
2019-03-17 15:09:10.953  INFO 1608 --- [main] com.act.website.WebsiteApplication       : The following profiles are active: dev
2019-03-17 15:09:11.963  INFO 1608 --- [main] o.apache.catalina.core.StandardService   : Starting service [Tomcat]
2019-03-17 15:09:11.963  INFO 1608 --- [main] org.apache.catalina.core.StandardEngine  : Starting Servlet engine: [Apache Tomcat/9.0.16]
2019-03-17 15:09:11.968  INFO 1608 --- [main] o.a.catalina.core.AprLifecycleListener   : The APR based Apache Tomcat Native library which allows optimal performance in production environments was not found on the java.library.path: [C:\Program Files\Java\jdk1.8.0_181\bin;C:\WINDOWS\Sun\Java\bin;C:\WINDOWS\system32;C:\WINDOWS;C:\Program Files (x86)\Common Files\Oracle\Java\javapath;C:\Program Files\Java\jdk1.8.0_181\bin;C:\Program Files (x86)\Intel\iCLS Client\;C:\Program Files\Intel\iCLS Client\;C:\Windows\system32;C:\Windows;C:\Windows\System32\Wbem;C:\Windows\System32\WindowsPowerShell\v1.0\;C:\Program Files (x86)\NVIDIA Corporation\PhysX\Common;C:\Program Files (x86)\Intel\Intel(R) Management Engine Components\DAL;C:\Program Files\Intel\Intel(R) Management Engine Components\DAL;C:\Program Files (x86)\Intel\Intel(R) Management Engine Components\IPT;C:\Program Files\Intel\Intel(R) Management Engine Components\IPT;C:\WINDOWS\system32;C:\WINDOWS;C:\WINDOWS\System32\Wbem;C:\WINDOWS\System32\WindowsPowerShell\v1.0\;F:\Maven\apache-maven-3.5.4\bin\;C:\Program Files\MySQL\MySQL Server 5.7\bin;C:\Program Files\MySQL\MySQL Utilities 1.6\;C:\WINDOWS\System32\OpenSSH\;F:\Redis\;F:\GIT\Git\cmd;C:\Users\76739\AppData\Local\Microsoft\WindowsApps;;.]
2019-03-17 15:09:12.133  INFO 1608 --- [main] org.apache.jasper.servlet.TldScanner     : At least one JAR was scanned for TLDs yet contained no TLDs. Enable debug logging for this logger for a complete list of JARs that were scanned but no TLDs were found in them. Skipping unneeded JARs during scanning can improve startup time and JSP compilation time.
2019-03-17 15:09:12.136  INFO 1608 --- [main] o.a.c.c.C.[Tomcat].[localhost].[/]       : Initializing Spring embedded WebApplicationContext
2019-03-17 15:09:12.136  INFO 1608 --- [main] o.s.web.context.ContextLoader            : Root WebApplicationContext: initialization completed in 1148 ms
2019-03-17 15:09:12.229  INFO 1608 --- [main] c.a.d.s.b.a.DruidDataSourceAutoConfigure : Init DruidDataSource
2019-03-17 15:09:12.325  INFO 1608 --- [main] com.alibaba.druid.pool.DruidDataSource   : {dataSource-1} inited
2019-03-17 15:09:12.713  WARN 1608 --- [main] org.thymeleaf.templatemode.TemplateMode  : [THYMELEAF][main] Template Mode 'LEGACYHTML5' is deprecated. Using Template Mode 'HTML' instead.
2019-03-17 15:09:12.889  INFO 1608 --- [main] com.act.website.WebsiteApplication       : Started WebsiteApplication in 2.302 seconds (JVM running for 3.205)
2019-03-17 15:09:19.772  INFO 1608 --- [http-nio-8088-exec-1] o.a.c.c.C.[Tomcat].[localhost].[/]       : Initializing Spring DispatcherServlet 'dispatcherServlet'
2019-03-17 15:09:19.773  INFO 1608 --- [http-nio-8088-exec-1] o.s.web.servlet.DispatcherServlet        : Initializing Servlet 'dispatcherServlet'
2019-03-17 15:09:19.779  INFO 1608 --- [http-nio-8088-exec-1] o.s.web.servlet.DispatcherServlet        : Completed initialization in 6 ms
2019-03-17 15:09:24.261 DEBUG 1608 --- [http-nio-8088-exec-1] c.a.m.sys.dao.SysMenuDao.findlist_COUNT  : ==>  Preparing: SELECT count(0) FROM act_sys_menu 
2019-03-17 15:09:24.468 DEBUG 1608 --- [http-nio-8088-exec-1] c.a.m.sys.dao.SysMenuDao.findlist_COUNT  : ==> Parameters: 
2019-03-17 15:09:24.652 DEBUG 1608 --- [http-nio-8088-exec-1] c.a.m.sys.dao.SysMenuDao.findlist_COUNT  : <==      Total: 1
2019-03-17 15:09:24.665 DEBUG 1608 --- [http-nio-8088-exec-1] c.a.modules.sys.dao.SysMenuDao.findlist  : ==>  Preparing: select id as "id", parent_id as "parent.id", parent_ids as "parentIds", name as "name", sort as "sort", href as "href", is_show as "isShow", permission as "permission" from act_sys_menu LIMIT ? 
2019-03-17 15:09:24.668 DEBUG 1608 --- [http-nio-8088-exec-1] c.a.modules.sys.dao.SysMenuDao.findlist  : ==> Parameters: 5(Integer)
2019-03-17 15:09:24.683 DEBUG 1608 --- [http-nio-8088-exec-1] c.a.modules.sys.dao.SysMenuDao.findlist  : <==      Total: 1
2019-03-17 15:09:28.171 DEBUG 1608 --- [http-nio-8088-exec-1] c.a.modules.sys.dao.SysMenuDao.findlist  : ==>  Preparing: select id as "id", parent_id as "parent.id", parent_ids as "parentIds", name as "name", sort as "sort", href as "href", is_show as "isShow", permission as "permission" from act_sys_menu 
2019-03-17 15:09:28.172 DEBUG 1608 --- [http-nio-8088-exec-1] c.a.modules.sys.dao.SysMenuDao.findlist  : ==> Parameters: 
2019-03-17 15:09:28.182 DEBUG 1608 --- [http-nio-8088-exec-1] c.a.modules.sys.dao.SysMenuDao.findlist  : <==      Total: 1
2019-03-17 15:10:00.103  INFO 3952 --- [main] com.act.website.WebsiteApplication       : Starting WebsiteApplication on DESKTOP-N2BRJI6 with PID 3952 (F:\Projects\website\website\target\classes started by 76739 in F:\Projects\website\website)
2019-03-17 15:10:00.106 DEBUG 3952 --- [main] com.act.website.WebsiteApplication       : Running with Spring Boot v2.1.3.RELEASE, Spring v5.1.5.RELEASE
2019-03-17 15:10:00.106  INFO 3952 --- [main] com.act.website.WebsiteApplication       : The following profiles are active: dev
2019-03-17 15:10:01.056  INFO 3952 --- [main] o.apache.catalina.core.StandardService   : Starting service [Tomcat]
2019-03-17 15:10:01.056  INFO 3952 --- [main] org.apache.catalina.core.StandardEngine  : Starting Servlet engine: [Apache Tomcat/9.0.16]
2019-03-17 15:10:01.062  INFO 3952 --- [main] o.a.catalina.core.AprLifecycleListener   : The APR based Apache Tomcat Native library which allows optimal performance in production environments was not found on the java.library.path: [C:\Program Files\Java\jdk1.8.0_181\bin;C:\WINDOWS\Sun\Java\bin;C:\WINDOWS\system32;C:\WINDOWS;C:\Program Files (x86)\Common Files\Oracle\Java\javapath;C:\Program Files\Java\jdk1.8.0_181\bin;C:\Program Files (x86)\Intel\iCLS Client\;C:\Program Files\Intel\iCLS Client\;C:\Windows\system32;C:\Windows;C:\Windows\System32\Wbem;C:\Windows\System32\WindowsPowerShell\v1.0\;C:\Program Files (x86)\NVIDIA Corporation\PhysX\Common;C:\Program Files (x86)\Intel\Intel(R) Management Engine Components\DAL;C:\Program Files\Intel\Intel(R) Management Engine Components\DAL;C:\Program Files (x86)\Intel\Intel(R) Management Engine Components\IPT;C:\Program Files\Intel\Intel(R) Management Engine Components\IPT;C:\WINDOWS\system32;C:\WINDOWS;C:\WINDOWS\System32\Wbem;C:\WINDOWS\System32\WindowsPowerShell\v1.0\;F:\Maven\apache-maven-3.5.4\bin\;C:\Program Files\MySQL\MySQL Server 5.7\bin;C:\Program Files\MySQL\MySQL Utilities 1.6\;C:\WINDOWS\System32\OpenSSH\;F:\Redis\;F:\GIT\Git\cmd;C:\Users\76739\AppData\Local\Microsoft\WindowsApps;;.]
2019-03-17 15:10:01.227  INFO 3952 --- [main] org.apache.jasper.servlet.TldScanner     : At least one JAR was scanned for TLDs yet contained no TLDs. Enable debug logging for this logger for a complete list of JARs that were scanned but no TLDs were found in them. Skipping unneeded JARs during scanning can improve startup time and JSP compilation time.
2019-03-17 15:10:01.231  INFO 3952 --- [main] o.a.c.c.C.[Tomcat].[localhost].[/]       : Initializing Spring embedded WebApplicationContext
2019-03-17 15:10:01.231  INFO 3952 --- [main] o.s.web.context.ContextLoader            : Root WebApplicationContext: initialization completed in 1082 ms
2019-03-17 15:10:01.319  INFO 3952 --- [main] c.a.d.s.b.a.DruidDataSourceAutoConfigure : Init DruidDataSource
2019-03-17 15:10:01.428  INFO 3952 --- [main] com.alibaba.druid.pool.DruidDataSource   : {dataSource-1} inited
2019-03-17 15:10:01.831  WARN 3952 --- [main] org.thymeleaf.templatemode.TemplateMode  : [THYMELEAF][main] Template Mode 'LEGACYHTML5' is deprecated. Using Template Mode 'HTML' instead.
2019-03-17 15:10:01.996  INFO 3952 --- [main] com.act.website.WebsiteApplication       : Started WebsiteApplication in 2.238 seconds (JVM running for 2.907)
2019-03-17 15:10:10.482  INFO 3952 --- [http-nio-8088-exec-1] o.a.c.c.C.[Tomcat].[localhost].[/]       : Initializing Spring DispatcherServlet 'dispatcherServlet'
2019-03-17 15:10:10.482  INFO 3952 --- [http-nio-8088-exec-1] o.s.web.servlet.DispatcherServlet        : Initializing Servlet 'dispatcherServlet'
2019-03-17 15:10:10.487  INFO 3952 --- [http-nio-8088-exec-1] o.s.web.servlet.DispatcherServlet        : Completed initialization in 5 ms
2019-03-17 15:10:13.222 DEBUG 3952 --- [http-nio-8088-exec-1] c.a.m.sys.dao.SysMenuDao.findlist_COUNT  : ==>  Preparing: SELECT count(0) FROM act_sys_menu 
2019-03-17 15:10:13.431 DEBUG 3952 --- [http-nio-8088-exec-1] c.a.m.sys.dao.SysMenuDao.findlist_COUNT  : ==> Parameters: 
2019-03-17 15:10:13.613 DEBUG 3952 --- [http-nio-8088-exec-1] c.a.m.sys.dao.SysMenuDao.findlist_COUNT  : <==      Total: 1
2019-03-17 15:10:13.626 DEBUG 3952 --- [http-nio-8088-exec-1] c.a.modules.sys.dao.SysMenuDao.findlist  : ==>  Preparing: select id as "id", parent_id as "parent.id", parent_ids as "parentIds", name as "name", sort as "sort", href as "href", is_show as "isShow", permission as "permission" from act_sys_menu LIMIT ? 
2019-03-17 15:10:13.629 DEBUG 3952 --- [http-nio-8088-exec-1] c.a.modules.sys.dao.SysMenuDao.findlist  : ==> Parameters: 5(Integer)
2019-03-17 15:10:13.644 DEBUG 3952 --- [http-nio-8088-exec-1] c.a.modules.sys.dao.SysMenuDao.findlist  : <==      Total: 1
2019-03-17 15:10:17.070 DEBUG 3952 --- [http-nio-8088-exec-1] c.a.modules.sys.dao.SysMenuDao.findlist  : ==>  Preparing: select id as "id", parent_id as "parent.id", parent_ids as "parentIds", name as "name", sort as "sort", href as "href", is_show as "isShow", permission as "permission" from act_sys_menu 
2019-03-17 15:10:17.071 DEBUG 3952 --- [http-nio-8088-exec-1] c.a.modules.sys.dao.SysMenuDao.findlist  : ==> Parameters: 
2019-03-17 15:10:17.081 DEBUG 3952 --- [http-nio-8088-exec-1] c.a.modules.sys.dao.SysMenuDao.findlist  : <==      Total: 1
2019-03-17 15:22:29.552  INFO 1692 --- [main] com.act.website.WebsiteApplication       : Starting WebsiteApplication on DESKTOP-N2BRJI6 with PID 1692 (F:\Projects\website\website\target\classes started by 76739 in F:\Projects\website\website)
2019-03-17 15:22:29.555 DEBUG 1692 --- [main] com.act.website.WebsiteApplication       : Running with Spring Boot v2.1.3.RELEASE, Spring v5.1.5.RELEASE
2019-03-17 15:22:29.555  INFO 1692 --- [main] com.act.website.WebsiteApplication       : The following profiles are active: dev
2019-03-17 15:22:30.544  INFO 1692 --- [main] o.apache.catalina.core.StandardService   : Starting service [Tomcat]
2019-03-17 15:22:30.544  INFO 1692 --- [main] org.apache.catalina.core.StandardEngine  : Starting Servlet engine: [Apache Tomcat/9.0.16]
2019-03-17 15:22:30.551  INFO 1692 --- [main] o.a.catalina.core.AprLifecycleListener   : The APR based Apache Tomcat Native library which allows optimal performance in production environments was not found on the java.library.path: [C:\Program Files\Java\jdk1.8.0_181\bin;C:\WINDOWS\Sun\Java\bin;C:\WINDOWS\system32;C:\WINDOWS;C:\Program Files (x86)\Common Files\Oracle\Java\javapath;C:\Program Files\Java\jdk1.8.0_181\bin;C:\Program Files (x86)\Intel\iCLS Client\;C:\Program Files\Intel\iCLS Client\;C:\Windows\system32;C:\Windows;C:\Windows\System32\Wbem;C:\Windows\System32\WindowsPowerShell\v1.0\;C:\Program Files (x86)\NVIDIA Corporation\PhysX\Common;C:\Program Files (x86)\Intel\Intel(R) Management Engine Components\DAL;C:\Program Files\Intel\Intel(R) Management Engine Components\DAL;C:\Program Files (x86)\Intel\Intel(R) Management Engine Components\IPT;C:\Program Files\Intel\Intel(R) Management Engine Components\IPT;C:\WINDOWS\system32;C:\WINDOWS;C:\WINDOWS\System32\Wbem;C:\WINDOWS\System32\WindowsPowerShell\v1.0\;F:\Maven\apache-maven-3.5.4\bin\;C:\Program Files\MySQL\MySQL Server 5.7\bin;C:\Program Files\MySQL\MySQL Utilities 1.6\;C:\WINDOWS\System32\OpenSSH\;F:\Redis\;F:\GIT\Git\cmd;C:\Users\76739\AppData\Local\Microsoft\WindowsApps;;.]
2019-03-17 15:22:30.707  INFO 1692 --- [main] org.apache.jasper.servlet.TldScanner     : At least one JAR was scanned for TLDs yet contained no TLDs. Enable debug logging for this logger for a complete list of JARs that were scanned but no TLDs were found in them. Skipping unneeded JARs during scanning can improve startup time and JSP compilation time.
2019-03-17 15:22:30.710  INFO 1692 --- [main] o.a.c.c.C.[Tomcat].[localhost].[/]       : Initializing Spring embedded WebApplicationContext
2019-03-17 15:22:30.710  INFO 1692 --- [main] o.s.web.context.ContextLoader            : Root WebApplicationContext: initialization completed in 1121 ms
2019-03-17 15:22:30.807  INFO 1692 --- [main] c.a.d.s.b.a.DruidDataSourceAutoConfigure : Init DruidDataSource
2019-03-17 15:22:30.909  INFO 1692 --- [main] com.alibaba.druid.pool.DruidDataSource   : {dataSource-1} inited
2019-03-17 15:22:31.341  WARN 1692 --- [main] org.thymeleaf.templatemode.TemplateMode  : [THYMELEAF][main] Template Mode 'LEGACYHTML5' is deprecated. Using Template Mode 'HTML' instead.
2019-03-17 15:22:31.508  INFO 1692 --- [main] com.act.website.WebsiteApplication       : Started WebsiteApplication in 2.334 seconds (JVM running for 3.043)
2019-03-17 15:22:32.773  INFO 1692 --- [http-nio-8088-exec-1] o.a.c.c.C.[Tomcat].[localhost].[/]       : Initializing Spring DispatcherServlet 'dispatcherServlet'
2019-03-17 15:22:32.774  INFO 1692 --- [http-nio-8088-exec-1] o.s.web.servlet.DispatcherServlet        : Initializing Servlet 'dispatcherServlet'
2019-03-17 15:22:32.779  INFO 1692 --- [http-nio-8088-exec-1] o.s.web.servlet.DispatcherServlet        : Completed initialization in 5 ms
2019-03-17 15:22:36.094 DEBUG 1692 --- [http-nio-8088-exec-1] c.a.m.sys.dao.SysMenuDao.findlist_COUNT  : ==>  Preparing: SELECT count(0) FROM act_sys_menu 
2019-03-17 15:22:36.300 DEBUG 1692 --- [http-nio-8088-exec-1] c.a.m.sys.dao.SysMenuDao.findlist_COUNT  : ==> Parameters: 
2019-03-17 15:22:36.478 DEBUG 1692 --- [http-nio-8088-exec-1] c.a.m.sys.dao.SysMenuDao.findlist_COUNT  : <==      Total: 1
2019-03-17 15:22:36.491 DEBUG 1692 --- [http-nio-8088-exec-1] c.a.modules.sys.dao.SysMenuDao.findlist  : ==>  Preparing: select id as "id", parent_id as "parent.id", parent_ids as "parentIds", name as "name", sort as "sort", href as "href", is_show as "isShow", permission as "permission" from act_sys_menu LIMIT ? 
2019-03-17 15:22:36.495 DEBUG 1692 --- [http-nio-8088-exec-1] c.a.modules.sys.dao.SysMenuDao.findlist  : ==> Parameters: 5(Integer)
2019-03-17 15:22:36.534 DEBUG 1692 --- [http-nio-8088-exec-1] c.a.modules.sys.dao.SysMenuDao.findlist  : <==      Total: 5
2019-03-17 15:23:14.352 DEBUG 1692 --- [http-nio-8088-exec-1] c.a.modules.sys.dao.SysMenuDao.findlist  : ==>  Preparing: select id as "id", parent_id as "parent.id", parent_ids as "parentIds", name as "name", sort as "sort", href as "href", is_show as "isShow", permission as "permission" from act_sys_menu 
2019-03-17 15:23:14.352 DEBUG 1692 --- [http-nio-8088-exec-1] c.a.modules.sys.dao.SysMenuDao.findlist  : ==> Parameters: 
2019-03-17 15:23:14.367 DEBUG 1692 --- [http-nio-8088-exec-1] c.a.modules.sys.dao.SysMenuDao.findlist  : <==      Total: 11
2019-03-17 15:25:26.717  INFO 4204 --- [main] com.act.website.WebsiteApplication       : Starting WebsiteApplication on DESKTOP-N2BRJI6 with PID 4204 (F:\Projects\website\website\target\classes started by 76739 in F:\Projects\website\website)
2019-03-17 15:25:26.719 DEBUG 4204 --- [main] com.act.website.WebsiteApplication       : Running with Spring Boot v2.1.3.RELEASE, Spring v5.1.5.RELEASE
2019-03-17 15:25:26.719  INFO 4204 --- [main] com.act.website.WebsiteApplication       : The following profiles are active: dev
2019-03-17 15:25:27.659  INFO 4204 --- [main] o.apache.catalina.core.StandardService   : Starting service [Tomcat]
2019-03-17 15:25:27.659  INFO 4204 --- [main] org.apache.catalina.core.StandardEngine  : Starting Servlet engine: [Apache Tomcat/9.0.16]
2019-03-17 15:25:27.664  INFO 4204 --- [main] o.a.catalina.core.AprLifecycleListener   : The APR based Apache Tomcat Native library which allows optimal performance in production environments was not found on the java.library.path: [C:\Program Files\Java\jdk1.8.0_181\bin;C:\WINDOWS\Sun\Java\bin;C:\WINDOWS\system32;C:\WINDOWS;C:\Program Files (x86)\Common Files\Oracle\Java\javapath;C:\Program Files\Java\jdk1.8.0_181\bin;C:\Program Files (x86)\Intel\iCLS Client\;C:\Program Files\Intel\iCLS Client\;C:\Windows\system32;C:\Windows;C:\Windows\System32\Wbem;C:\Windows\System32\WindowsPowerShell\v1.0\;C:\Program Files (x86)\NVIDIA Corporation\PhysX\Common;C:\Program Files (x86)\Intel\Intel(R) Management Engine Components\DAL;C:\Program Files\Intel\Intel(R) Management Engine Components\DAL;C:\Program Files (x86)\Intel\Intel(R) Management Engine Components\IPT;C:\Program Files\Intel\Intel(R) Management Engine Components\IPT;C:\WINDOWS\system32;C:\WINDOWS;C:\WINDOWS\System32\Wbem;C:\WINDOWS\System32\WindowsPowerShell\v1.0\;F:\Maven\apache-maven-3.5.4\bin\;C:\Program Files\MySQL\MySQL Server 5.7\bin;C:\Program Files\MySQL\MySQL Utilities 1.6\;C:\WINDOWS\System32\OpenSSH\;F:\Redis\;F:\GIT\Git\cmd;C:\Users\76739\AppData\Local\Microsoft\WindowsApps;;.]
2019-03-17 15:25:27.844  INFO 4204 --- [main] org.apache.jasper.servlet.TldScanner     : At least one JAR was scanned for TLDs yet contained no TLDs. Enable debug logging for this logger for a complete list of JARs that were scanned but no TLDs were found in them. Skipping unneeded JARs during scanning can improve startup time and JSP compilation time.
2019-03-17 15:25:27.846  INFO 4204 --- [main] o.a.c.c.C.[Tomcat].[localhost].[/]       : Initializing Spring embedded WebApplicationContext
2019-03-17 15:25:27.846  INFO 4204 --- [main] o.s.web.context.ContextLoader            : Root WebApplicationContext: initialization completed in 1096 ms
2019-03-17 15:25:27.933  INFO 4204 --- [main] c.a.d.s.b.a.DruidDataSourceAutoConfigure : Init DruidDataSource
2019-03-17 15:25:28.029  INFO 4204 --- [main] com.alibaba.druid.pool.DruidDataSource   : {dataSource-1} inited
2019-03-17 15:25:28.428  WARN 4204 --- [main] org.thymeleaf.templatemode.TemplateMode  : [THYMELEAF][main] Template Mode 'LEGACYHTML5' is deprecated. Using Template Mode 'HTML' instead.
2019-03-17 15:25:28.587  INFO 4204 --- [main] com.act.website.WebsiteApplication       : Started WebsiteApplication in 2.227 seconds (JVM running for 2.886)
2019-03-17 15:25:28.716  INFO 4204 --- [http-nio-8088-exec-1] o.a.c.c.C.[Tomcat].[localhost].[/]       : Initializing Spring DispatcherServlet 'dispatcherServlet'
2019-03-17 15:25:28.717  INFO 4204 --- [http-nio-8088-exec-1] o.s.web.servlet.DispatcherServlet        : Initializing Servlet 'dispatcherServlet'
2019-03-17 15:25:28.722  INFO 4204 --- [http-nio-8088-exec-1] o.s.web.servlet.DispatcherServlet        : Completed initialization in 5 ms
2019-03-17 15:25:32.473 DEBUG 4204 --- [http-nio-8088-exec-1] c.a.m.sys.dao.SysMenuDao.findlist_COUNT  : ==>  Preparing: SELECT count(0) FROM act_sys_menu 
2019-03-17 15:25:32.680 DEBUG 4204 --- [http-nio-8088-exec-1] c.a.m.sys.dao.SysMenuDao.findlist_COUNT  : ==> Parameters: 
2019-03-17 15:25:32.858 DEBUG 4204 --- [http-nio-8088-exec-1] c.a.m.sys.dao.SysMenuDao.findlist_COUNT  : <==      Total: 1
2019-03-17 15:25:32.871 DEBUG 4204 --- [http-nio-8088-exec-1] c.a.modules.sys.dao.SysMenuDao.findlist  : ==>  Preparing: select id as "id", parent_id as "parent.id", parent_ids as "parentIds", name as "name", sort as "sort", href as "href", is_show as "isShow", permission as "permission" from act_sys_menu LIMIT ? 
2019-03-17 15:25:32.875 DEBUG 4204 --- [http-nio-8088-exec-1] c.a.modules.sys.dao.SysMenuDao.findlist  : ==> Parameters: 5(Integer)
2019-03-17 15:25:32.894 DEBUG 4204 --- [http-nio-8088-exec-1] c.a.modules.sys.dao.SysMenuDao.findlist  : <==      Total: 5
2019-03-17 15:25:42.820 DEBUG 4204 --- [http-nio-8088-exec-1] c.a.modules.sys.dao.SysMenuDao.findlist  : ==>  Preparing: select id as "id", parent_id as "parent.id", parent_ids as "parentIds", name as "name", sort as "sort", href as "href", is_show as "isShow", permission as "permission" from act_sys_menu 
2019-03-17 15:25:42.821 DEBUG 4204 --- [http-nio-8088-exec-1] c.a.modules.sys.dao.SysMenuDao.findlist  : ==> Parameters: 
2019-03-17 15:25:42.856 DEBUG 4204 --- [http-nio-8088-exec-1] c.a.modules.sys.dao.SysMenuDao.findlist  : <==      Total: 11
